
Connected to: Oracle Database 21c Express Edition Release 21.0.0.0.0 - Production
Version 21.3.0.0.0
Export done in WE8MSWIN1252 character set and AL16UTF16 NCHAR character set
server uses AL32UTF8 character set (possible charset conversion)
. exporting pre-schema procedural objects and actions
. exporting foreign function library names for user USER01 
. exporting PUBLIC type synonyms
. exporting private type synonyms
. exporting object type definitions for user USER01 
About to export USER01's objects ...
. exporting database links
. exporting sequence numbers
. exporting cluster definitions
. about to export USER01's tables via Conventional Path ...
. . exporting table                         ADMINS          0 rows exported
EXP-00091: Exporting questionable statistics.
. . exporting table                      CUSTOMERS          1 rows exported
EXP-00091: Exporting questionable statistics.
. . exporting table                         MOVIES
. . exporting partition                     OLD_MOVIES          0 rows exported
. . exporting partition                     NEW_MOVIES          2 rows exported
EXP-00091: Exporting questionable statistics.
EXP-00091: Exporting questionable statistics.
. . exporting table                       PAYMENTS          1 rows exported
EXP-00091: Exporting questionable statistics.
EXP-00091: Exporting questionable statistics.
. . exporting table                        SCREENS          1 rows exported
EXP-00091: Exporting questionable statistics.
EXP-00091: Exporting questionable statistics.
. . exporting table                          SEATS          5 rows exported
EXP-00091: Exporting questionable statistics.
EXP-00091: Exporting questionable statistics.
. . exporting table                          SHOWS          2 rows exported
EXP-00091: Exporting questionable statistics.
EXP-00091: Exporting questionable statistics.
. . exporting table                        TICKETS          1 rows exported
EXP-00091: Exporting questionable statistics.
EXP-00091: Exporting questionable statistics.
. exporting synonyms
. exporting views
. exporting stored procedures
. exporting operators
. exporting referential integrity constraints
. exporting triggers
. exporting indextypes
. exporting bitmap, functional and extensible indexes
. exporting posttables actions
. exporting materialized views
. exporting snapshot logs
. exporting job queues
. exporting refresh groups and children
. exporting dimensions
. exporting post-schema procedural objects and actions
. exporting statistics
Export terminated successfully with warnings.
